# JRE version: OpenJDK Runtime Environment (8.0_202-b03) (build 1.8.0_202-release-1483-b03)
# Java VM: OpenJDK 64-Bit Server VM (25.202-b03 mixed mode windows-amd64 compressed oops)
Heap:
 PSYoungGen      total 57856K, used 14494K [0x00000000e0000000, 0x00000000e5080000, 0x0000000100000000)
  eden space 52736K, 18% used [0x00000000e0000000,0x00000000e09606b8,0x00000000e3380000)
  from space 5120K, 95% used [0x00000000e4b80000,0x00000000e5047250,0x00000000e5080000)
  to   space 14848K, 0% used [0x00000000e3380000,0x00000000e3380000,0x00000000e4200000)
 ParOldGen       total 133632K, used 31882K [0x00000000a0000000, 0x00000000a8280000, 0x00000000e0000000)
  object space 133632K, 23% used [0x00000000a0000000,0x00000000a1f228c8,0x00000000a8280000)
 Metaspace       used 61080K, capacity 62776K, committed 63064K, reserved 1103872K
  class space    used 8078K, capacity 8470K, committed 8576K, reserved 1048576K
GC Heap History (10 events):
Event: 23.330 GC heap before
{Heap before GC invocations=19 (full 2):
 PSYoungGen      total 55296K, used 55284K [0x00000000e0000000, 0x00000000e4480000, 0x0000000100000000)
  eden space 45568K, 100% used [0x00000000e0000000,0x00000000e2c80000,0x00000000e2c80000)
  from space 9728K, 99% used [0x00000000e3780000,0x00000000e40fd278,0x00000000e4100000)
  to   space 11264K, 0% used [0x00000000e2c80000,0x00000000e2c80000,0x00000000e3780000)
 ParOldGen       total 90112K, used 17272K [0x00000000a0000000, 0x00000000a5800000, 0x00000000e0000000)
  object space 90112K, 19% used [0x00000000a0000000,0x00000000a10de0b0,0x00000000a5800000)
 Metaspace       used 51407K, capacity 52646K, committed 52952K, reserved 1095680K
  class space    used 6964K, capacity 7298K, committed 7424K, reserved 1048576K
Event: 23.338 GC heap after
Heap after GC invocations=19 (full 2):
 PSYoungGen      total 56832K, used 10003K [0x00000000e0000000, 0x00000000e4d00000, 0x0000000100000000)
  eden space 45568K, 0% used [0x00000000e0000000,0x00000000e0000000,0x00000000e2c80000)
  from space 11264K, 88% used [0x00000000e2c80000,0x00000000e3644cd8,0x00000000e3780000)
  to   space 12288K, 0% used [0x00000000e4100000,0x00000000e4100000,0x00000000e4d00000)
 ParOldGen       total 90112K, used 21032K [0x00000000a0000000, 0x00000000a5800000, 0x00000000e0000000)
  object space 90112K, 23% used [0x00000000a0000000,0x00000000a148a0c8,0x00000000a5800000)
 Metaspace       used 51407K, capacity 52646K, committed 52952K, reserved 1095680K
  class space    used 6964K, capacity 7298K, committed 7424K, reserved 1048576K
}
Event: 26.077 GC heap before
{Heap before GC invocations=20 (full 2):
 PSYoungGen      total 56832K, used 55571K [0x00000000e0000000, 0x00000000e4d00000, 0x0000000100000000)
  eden space 45568K, 100% used [0x00000000e0000000,0x00000000e2c80000,0x00000000e2c80000)
  from space 11264K, 88% used [0x00000000e2c80000,0x00000000e3644cd8,0x00000000e3780000)
  to   space 12288K, 0% used [0x00000000e4100000,0x00000000e4100000,0x00000000e4d00000)
 ParOldGen       total 90112K, used 21032K [0x00000000a0000000, 0x00000000a5800000, 0x00000000e0000000)
  object space 90112K, 23% used [0x00000000a0000000,0x00000000a148a0c8,0x00000000a5800000)
 Metaspace       used 55228K, capacity 56694K, committed 56792K, reserved 1097728K
  class space    used 7499K, capacity 7872K, committed 7936K, reserved 1048576K
Event: 26.088 GC heap after
Heap after GC invocations=20 (full 2):
 PSYoungGen      total 65536K, used 11096K [0x00000000e0000000, 0x00000000e4e80000, 0x0000000100000000)
  eden space 53248K, 0% used [0x00000000e0000000,0x00000000e0000000,0x00000000e3400000)
  from space 12288K, 90% used [0x00000000e4100000,0x00000000e4bd61d0,0x00000000e4d00000)
  to   space 13312K, 0% used [0x00000000e3400000,0x00000000e3400000,0x00000000e4100000)
 ParOldGen       total 90112K, used 21104K [0x00000000a0000000, 0x00000000a5800000, 0x00000000e0000000)
  object space 90112K, 23% used [0x00000000a0000000,0x00000000a149c0d8,0x00000000a5800000)
 Metaspace       used 55228K, capacity 56694K, committed 56792K, reserved 1097728K
  class space    used 7499K, capacity 7872K, committed 7936K, reserved 1048576K
}
Event: 28.760 GC heap before
{Heap before GC invocations=21 (full 2):
 PSYoungGen      total 65536K, used 50562K [0x00000000e0000000, 0x00000000e4e80000, 0x0000000100000000)
  eden space 53248K, 74% used [0x00000000e0000000,0x00000000e268a8c8,0x00000000e3400000)
  from space 12288K, 90% used [0x00000000e4100000,0x00000000e4bd61d0,0x00000000e4d00000)
  to   space 13312K, 0% used [0x00000000e3400000,0x00000000e3400000,0x00000000e4100000)
 ParOldGen       total 90112K, used 21104K [0x00000000a0000000, 0x00000000a5800000, 0x00000000e0000000)
  object space 90112K, 23% used [0x00000000a0000000,0x00000000a149c0d8,0x00000000a5800000)
 Metaspace       used 57208K, capacity 58828K, committed 58968K, reserved 1099776K
  class space    used 7793K, capacity 8203K, committed 8320K, reserved 1048576K
Event: 28.769 GC heap after
Heap after GC invocations=21 (full 2):
 PSYoungGen      total 66560K, used 12789K [0x00000000e0000000, 0x00000000e5a00000, 0x0000000100000000)
  eden space 53248K, 0% used [0x00000000e0000000,0x00000000e0000000,0x00000000e3400000)
  from space 13312K, 96% used [0x00000000e3400000,0x00000000e407d678,0x00000000e4100000)
  to   space 14848K, 0% used [0x00000000e4b80000,0x00000000e4b80000,0x00000000e5a00000)
 ParOldGen       total 90112K, used 21112K [0x00000000a0000000, 0x00000000a5800000, 0x00000000e0000000)
  object space 90112K, 23% used [0x00000000a0000000,0x00000000a149e0d8,0x00000000a5800000)
 Metaspace       used 57208K, capacity 58828K, committed 58968K, reserved 1099776K
  class space    used 7793K, capacity 8203K, committed 8320K, reserved 1048576K
}
Event: 28.769 GC heap before
{Heap before GC invocations=22 (full 3):
 PSYoungGen      total 66560K, used 12789K [0x00000000e0000000, 0x00000000e5a00000, 0x0000000100000000)
  eden space 53248K, 0% used [0x00000000e0000000,0x00000000e0000000,0x00000000e3400000)
  from space 13312K, 96% used [0x00000000e3400000,0x00000000e407d678,0x00000000e4100000)
  to   space 14848K, 0% used [0x00000000e4b80000,0x00000000e4b80000,0x00000000e5a00000)
 ParOldGen       total 90112K, used 21112K [0x00000000a0000000, 0x00000000a5800000, 0x00000000e0000000)
  object space 90112K, 23% used [0x00000000a0000000,0x00000000a149e0d8,0x00000000a5800000)
 Metaspace       used 57208K, capacity 58828K, committed 58968K, reserved 1099776K
  class space    used 7793K, capacity 8203K, committed 8320K, reserved 1048576K
Event: 28.947 GC heap after
Heap after GC invocations=22 (full 3):
 PSYoungGen      total 66560K, used 0K [0x00000000e0000000, 0x00000000e5a00000, 0x0000000100000000)
  eden space 53248K, 0% used [0x00000000e0000000,0x00000000e0000000,0x00000000e3400000)
  from space 13312K, 0% used [0x00000000e3400000,0x00000000e3400000,0x00000000e4100000)
  to   space 14848K, 0% used [0x00000000e4b80000,0x00000000e4b80000,0x00000000e5a00000)
 ParOldGen       total 133632K, used 31874K [0x00000000a0000000, 0x00000000a8280000, 0x00000000e0000000)
  object space 133632K, 23% used [0x00000000a0000000,0x00000000a1f208c8,0x00000000a8280000)
 Metaspace       used 57144K, capacity 58632K, committed 58968K, reserved 1099776K
  class space    used 7773K, capacity 8167K, committed 8320K, reserved 1048576K
}
Event: 1858.978 GC heap before
{Heap before GC invocations=23 (full 3):
 PSYoungGen      total 66560K, used 53248K [0x00000000e0000000, 0x00000000e5a00000, 0x0000000100000000)
  eden space 53248K, 100% used [0x00000000e0000000,0x00000000e3400000,0x00000000e3400000)
  from space 13312K, 0% used [0x00000000e3400000,0x00000000e3400000,0x00000000e4100000)
  to   space 14848K, 0% used [0x00000000e4b80000,0x00000000e4b80000,0x00000000e5a00000)
 ParOldGen       total 133632K, used 31874K [0x00000000a0000000, 0x00000000a8280000, 0x00000000e0000000)
  object space 133632K, 23% used [0x00000000a0000000,0x00000000a1f208c8,0x00000000a8280000)
 Metaspace       used 60948K, capacity 62544K, committed 62808K, reserved 1103872K
  class space    used 8067K, capacity 8458K, committed 8576K, reserved 1048576K
Event: 1858.985 GC heap after
Heap after GC invocations=23 (full 3):
 PSYoungGen      total 57856K, used 4892K [0x00000000e0000000, 0x00000000e5080000, 0x0000000100000000)
  eden space 52736K, 0% used [0x00000000e0000000,0x00000000e0000000,0x00000000e3380000)
  from space 5120K, 95% used [0x00000000e4b80000,0x00000000e5047250,0x00000000e5080000)
  to   space 14848K, 0% used [0x00000000e3380000,0x00000000e3380000,0x00000000e4200000)
 ParOldGen       total 133632K, used 31882K [0x00000000a0000000, 0x00000000a8280000, 0x00000000e0000000)
  object space 133632K, 23% used [0x00000000a0000000,0x00000000a1f228c8,0x00000000a8280000)
 Metaspace       used 60948K, capacity 62544K, committed 62808K, reserved 1103872K
  class space    used 8067K, capacity 8458K, committed 8576K, reserved 1048576K
}

